0 info it worked if it ends with ok
1 verbose cli [ '/usr/bin/nodejs', '/usr/bin/npm', 'run', 'dev' ]
2 info using npm@3.10.10
3 info using node@v6.9.5
4 verbose run-script [ 'predev', 'dev', 'postdev' ]
5 info lifecycle selfapp-admin@~predev: selfapp-admin@
6 silly lifecycle selfapp-admin@~predev: no script for predev, continuing
7 info lifecycle selfapp-admin@~dev: selfapp-admin@
8 verbose lifecycle selfapp-admin@~dev: unsafe-perm in lifecycle true
9 verbose lifecycle selfapp-admin@~dev: PATH: /usr/lib/node_modules/npm/bin/node-gyp-bin:/home/golanh/hapi-vue-seed/node_modules/.bin:/usr/local/sbin:/usr/local/bin:/usr/sbin:/usr/bin:/sbin:/bin:/usr/games:/usr/local/games
10 verbose lifecycle selfapp-admin@~dev: CWD: /home/golanh/hapi-vue-seed
11 silly lifecycle selfapp-admin@~dev: Args: [ '-c', 'env NODE_TITLE=dev-stop NODE_ENV=development gulp' ]
12 silly lifecycle selfapp-admin@~dev: Returned: code: 1  signal: null
13 info lifecycle selfapp-admin@~dev: Failed to exec dev script
14 verbose stack Error: selfapp-admin@ dev: `env NODE_TITLE=dev-stop NODE_ENV=development gulp`
14 verbose stack Exit status 1
14 verbose stack     at EventEmitter.<anonymous> (/usr/lib/node_modules/npm/lib/utils/lifecycle.js:255:16)
14 verbose stack     at emitTwo (events.js:106:13)
14 verbose stack     at EventEmitter.emit (events.js:191:7)
14 verbose stack     at ChildProcess.<anonymous> (/usr/lib/node_modules/npm/lib/utils/spawn.js:40:14)
14 verbose stack     at emitTwo (events.js:106:13)
14 verbose stack     at ChildProcess.emit (events.js:191:7)
14 verbose stack     at maybeClose (internal/child_process.js:877:16)
14 verbose stack     at Process.ChildProcess._handle.onexit (internal/child_process.js:226:5)
15 verbose pkgid selfapp-admin@
16 verbose cwd /home/golanh/hapi-vue-seed
17 error Linux 4.4.0-63-generic
18 error argv "/usr/bin/nodejs" "/usr/bin/npm" "run" "dev"
19 error node v6.9.5
20 error npm  v3.10.10
21 error code ELIFECYCLE
22 error selfapp-admin@ dev: `env NODE_TITLE=dev-stop NODE_ENV=development gulp`
22 error Exit status 1
23 error Failed at the selfapp-admin@ dev script 'env NODE_TITLE=dev-stop NODE_ENV=development gulp'.
23 error Make sure you have the latest version of node.js and npm installed.
23 error If you do, this is most likely a problem with the selfapp-admin package,
23 error not with npm itself.
23 error Tell the author that this fails on your system:
23 error     env NODE_TITLE=dev-stop NODE_ENV=development gulp
23 error You can get information on how to open an issue for this project with:
23 error     npm bugs selfapp-admin
23 error Or if that isn't available, you can get their info via:
23 error     npm owner ls selfapp-admin
23 error There is likely additional logging output above.
24 verbose exit [ 1, true ]
